/users/sujinesh/.local/lib/python3.10/site-packages/transformers/utils/hub.py:128: FutureWarning: Using `TRANSFORMERS_CACHE` is deprecated and will be removed in v5 of Transformers. Use `HF_HOME` instead.
  warnings.warn(
============================================================
TELEPATHY TRAINING: ARC_EASY
============================================================

Dataset: arc_easy (4 classes)
Random baseline: 25.0%
Source layer: 31
Soft tokens: 8
Steps: 1500
Diversity weight: 0.1
============================================================
Downloading shards:   0%|          | 0/4 [00:00<?, ?it/s]Downloading shards:  25%|██▌       | 1/4 [00:15<00:45, 15.30s/it]Downloading shards:  50%|█████     | 2/4 [00:31<00:31, 15.58s/it]Downloading shards:  75%|███████▌  | 3/4 [00:45<00:15, 15.13s/it]Downloading shards: 100%|██████████| 4/4 [00:49<00:00, 10.75s/it]Downloading shards: 100%|██████████| 4/4 [00:49<00:00, 12.43s/it]
Loading checkpoint shards:   0%|          | 0/4 [00:00<?, ?it/s]Loading checkpoint shards:  25%|██▌       | 1/4 [00:04<00:13,  4.56s/it]Loading checkpoint shards:  50%|█████     | 2/4 [00:08<00:08,  4.34s/it]Loading checkpoint shards:  75%|███████▌  | 3/4 [00:12<00:04,  4.22s/it]Loading checkpoint shards: 100%|██████████| 4/4 [00:13<00:00,  2.80s/it]Loading checkpoint shards: 100%|██████████| 4/4 [00:13<00:00,  3.36s/it]
Downloading shards:   0%|          | 0/3 [00:00<?, ?it/s]Downloading shards:  33%|███▎      | 1/3 [00:17<00:35, 17.61s/it]Downloading shards:  67%|██████▋   | 2/3 [00:38<00:19, 19.52s/it]Downloading shards: 100%|██████████| 3/3 [00:58<00:00, 19.91s/it]Downloading shards: 100%|██████████| 3/3 [00:58<00:00, 19.61s/it]
Loading checkpoint shards:   0%|          | 0/3 [00:00<?, ?it/s]Loading checkpoint shards:  33%|███▎      | 1/3 [00:02<00:05,  2.80s/it]Loading checkpoint shards:  67%|██████▋   | 2/3 [00:06<00:03,  3.25s/it]Loading checkpoint shards: 100%|██████████| 3/3 [00:10<00:00,  3.44s/it]Loading checkpoint shards: 100%|██████████| 3/3 [00:10<00:00,  3.35s/it]
2026-01-19 11:43:58,502 - INFO - FlowMatchingBridge: 8 tokens, 4 flow steps
Target embedding RMS: 0.0027
Using Flow Matching Bridge (MATH) - steps=4
Generating train split:   0%|          | 0/2251 [00:00<?, ? examples/s]Generating train split: 100%|██████████| 2251/2251 [00:00<00:00, 112595.74 examples/s]
Generating test split:   0%|          | 0/2376 [00:00<?, ? examples/s]Generating test split: 100%|██████████| 2376/2376 [00:00<00:00, 445970.93 examples/s]
Generating validation split:   0%|          | 0/570 [00:00<?, ? examples/s]Generating validation split: 100%|██████████| 570/570 [00:00<00:00, 205497.10 examples/s]

Training on 2251 samples
Validation: 2376 samples
Starting training...

ARC_EASY:   0%|                                                            | 0/1500 [00:00<?, ?it/s]ARC_EASY:   0%|                                                            | 0/1500 [00:00<?, ?it/s]
Traceback (most recent call last):
  File "/scratch/m000066/sujinesh/LatentWire/telepathy/train_telepathy.py", line 1285, in main
    loss, loss_dict = train_step(
  File "/scratch/m000066/sujinesh/LatentWire/telepathy/train_telepathy.py", line 714, in train_step
    soft_tokens, aux_loss, diversity, z_variance = bridge_module(src_h, src_mask)
  File "/users/sujinesh/.local/lib/python3.10/site-packages/torch/nn/modules/module.py", line 1736, in _wrapped_call_impl
    return self._call_impl(*args, **kwargs)
  File "/users/sujinesh/.local/lib/python3.10/site-packages/torch/nn/modules/module.py", line 1747, in _call_impl
    return forward_call(*args, **kwargs)
  File "/scratch/m000066/sujinesh/LatentWire/telepathy/cross_model_experiments.py", line 1192, in forward
    x0 = self.initial_proj(pooled.float())
  File "/users/sujinesh/.local/lib/python3.10/site-packages/torch/nn/modules/module.py", line 1736, in _wrapped_call_impl
    return self._call_impl(*args, **kwargs)
  File "/users/sujinesh/.local/lib/python3.10/site-packages/torch/nn/modules/module.py", line 1747, in _call_impl
    return forward_call(*args, **kwargs)
  File "/users/sujinesh/.local/lib/python3.10/site-packages/torch/nn/modules/linear.py", line 125, in forward
    return F.linear(input, self.weight, self.bias)
RuntimeError: mat1 and mat2 must have the same dtype, but got Float and BFloat16

[ERROR] Training interrupted by exception at step 1
[ERROR] RuntimeError: mat1 and mat2 must have the same dtype, but got Float and BFloat16

[EMERGENCY] Checkpoint saved to runs/reasoning_final_20260119_114130/novel_bridges/flow_matching_arc_easy_seed42/emergency_checkpoint_step0.pt
[EMERGENCY] Error: RuntimeError: mat1 and mat2 must have the same dtype, but got Float and BFloat16
Traceback (most recent call last):
  File "/scratch/m000066/sujinesh/LatentWire/telepathy/train_telepathy.py", line 1530, in <module>
    main()
  File "/scratch/m000066/sujinesh/LatentWire/telepathy/train_telepathy.py", line 1285, in main
    loss, loss_dict = train_step(
  File "/scratch/m000066/sujinesh/LatentWire/telepathy/train_telepathy.py", line 714, in train_step
    soft_tokens, aux_loss, diversity, z_variance = bridge_module(src_h, src_mask)
  File "/users/sujinesh/.local/lib/python3.10/site-packages/torch/nn/modules/module.py", line 1736, in _wrapped_call_impl
    return self._call_impl(*args, **kwargs)
  File "/users/sujinesh/.local/lib/python3.10/site-packages/torch/nn/modules/module.py", line 1747, in _call_impl
    return forward_call(*args, **kwargs)
  File "/scratch/m000066/sujinesh/LatentWire/telepathy/cross_model_experiments.py", line 1192, in forward
    x0 = self.initial_proj(pooled.float())
  File "/users/sujinesh/.local/lib/python3.10/site-packages/torch/nn/modules/module.py", line 1736, in _wrapped_call_impl
    return self._call_impl(*args, **kwargs)
  File "/users/sujinesh/.local/lib/python3.10/site-packages/torch/nn/modules/module.py", line 1747, in _call_impl
    return forward_call(*args, **kwargs)
  File "/users/sujinesh/.local/lib/python3.10/site-packages/torch/nn/modules/linear.py", line 125, in forward
    return F.linear(input, self.weight, self.bias)
RuntimeError: mat1 and mat2 must have the same dtype, but got Float and BFloat16
